============================================================
Pet Re-ID DINOv3 Training Log
============================================================
Experiment: dino_pretraining
Start Time: 2026-06-26 00:41:33
Log File: logs/dino\dino_pretraining_20260626_004133.log
============================================================

Training Configuration:
----------------------------------------
  backbone: mobilenetv3_large_100
  proj_dim: 512
  hidden_dim: 2048
  predictor_hidden_dim: 1024
  global_crop_size: 224
  local_crop_size: 96
  num_global_views: 2
  num_local_views: 6
  global_crop_scale: (0.4, 1.0)
  local_crop_scale: (0.05, 0.4)
  epochs: 10
  batch_size: 64
  num_workers: 4
  pin_memory: True
  lr: 0.0005
  weight_decay: 0.04
  warmup_epochs: 10
  min_lr: 1e-06
  teacher_momentum_start: 0.996
  teacher_momentum_end: 1.0
  teacher_temp: 0.04
  student_temp: 0.1
  center_momentum: 0.9
  seed: 42
  use_amp: True
  max_grad_norm: 3.0
  save_interval: 5
  log_interval: 10
  output_dir: outputs/dino
  checkpoint_dir: checkpoints/dino
  log_dir: logs/dino
  data_root: ../pet_rec/datasets

[2026-06-26 00:41:33] Device: cuda
[2026-06-26 00:41:33] Output directory: outputs/dino
[2026-06-26 00:41:33] Checkpoint directory: checkpoints/dino
[2026-06-26 00:41:33] Log directory: logs/dino
[2026-06-26 00:41:33] 
==================================================
[2026-06-26 00:41:33] 创建数据集...
[2026-06-26 00:41:33] ==================================================
[2026-06-26 00:41:33] 数据集大小: 25000
[2026-06-26 00:41:33] Batch数: 390
[2026-06-26 00:42:12]   [1] Batch 10/390 | Loss: 6.2564 | LR: 0.000005
[2026-06-26 00:42:29]   [1] Batch 20/390 | Loss: 6.2542 | LR: 0.000005
[2026-06-26 00:42:50]   [1] Batch 30/390 | Loss: 6.2521 | LR: 0.000005
[2026-06-26 00:43:07]   [1] Batch 40/390 | Loss: 6.2499 | LR: 0.000005
[2026-06-26 00:43:28]   [1] Batch 50/390 | Loss: 6.2477 | LR: 0.000005
[2026-06-26 00:43:48]   [1] Batch 60/390 | Loss: 6.2453 | LR: 0.000005
[2026-06-26 00:44:08]   [1] Batch 70/390 | Loss: 6.2426 | LR: 0.000005
[2026-06-26 00:44:26]   [1] Batch 80/390 | Loss: 6.2396 | LR: 0.000005
[2026-06-26 00:44:47]   [1] Batch 90/390 | Loss: 6.2363 | LR: 0.000005
[2026-06-26 00:45:05]   [1] Batch 100/390 | Loss: 6.2327 | LR: 0.000005
[2026-06-26 00:45:27]   [1] Batch 110/390 | Loss: 6.2288 | LR: 0.000005
[2026-06-26 00:45:45]   [1] Batch 120/390 | Loss: 6.2248 | LR: 0.000005
[2026-06-26 00:46:05]   [1] Batch 130/390 | Loss: 6.2207 | LR: 0.000005
[2026-06-26 00:46:23]   [1] Batch 140/390 | Loss: 6.2165 | LR: 0.000005
[2026-06-26 00:46:43]   [1] Batch 150/390 | Loss: 6.2123 | LR: 0.000005
[2026-06-26 00:47:01]   [1] Batch 160/390 | Loss: 6.2078 | LR: 0.000005
[2026-06-26 00:47:22]   [1] Batch 170/390 | Loss: 6.2031 | LR: 0.000005
[2026-06-26 00:47:38]   [1] Batch 180/390 | Loss: 6.1981 | LR: 0.000005
[2026-06-26 00:47:59]   [1] Batch 190/390 | Loss: 6.1927 | LR: 0.000005
[2026-06-26 00:48:16]   [1] Batch 200/390 | Loss: 6.1868 | LR: 0.000005
[2026-06-26 00:48:39]   [1] Batch 210/390 | Loss: 6.1803 | LR: 0.000005
[2026-06-26 00:48:55]   [1] Batch 220/390 | Loss: 6.1730 | LR: 0.000005
[2026-06-26 00:49:18]   [1] Batch 230/390 | Loss: 6.1649 | LR: 0.000005
[2026-06-26 00:49:33]   [1] Batch 240/390 | Loss: 6.1559 | LR: 0.000005
[2026-06-26 00:49:56]   [1] Batch 250/390 | Loss: 6.1460 | LR: 0.000005
[2026-06-26 00:50:11]   [1] Batch 260/390 | Loss: 6.1351 | LR: 0.000005
[2026-06-26 00:50:32]   [1] Batch 270/390 | Loss: 6.1232 | LR: 0.000005
[2026-06-26 00:50:49]   [1] Batch 280/390 | Loss: 6.1101 | LR: 0.000005
[2026-06-26 00:51:11]   [1] Batch 290/390 | Loss: 6.0960 | LR: 0.000005
[2026-06-26 00:51:30]   [1] Batch 300/390 | Loss: 6.0807 | LR: 0.000005
[2026-06-26 00:51:49]   [1] Batch 310/390 | Loss: 6.0643 | LR: 0.000005
[2026-06-26 00:52:08]   [1] Batch 320/390 | Loss: 6.0467 | LR: 0.000005
[2026-06-26 00:52:28]   [1] Batch 330/390 | Loss: 6.0279 | LR: 0.000005
[2026-06-26 00:52:45]   [1] Batch 340/390 | Loss: 6.0082 | LR: 0.000005
[2026-06-26 00:53:05]   [1] Batch 350/390 | Loss: 5.9876 | LR: 0.000005
[2026-06-26 00:53:24]   [1] Batch 360/390 | Loss: 5.9657 | LR: 0.000005
[2026-06-26 00:53:44]   [1] Batch 370/390 | Loss: 5.9429 | LR: 0.000005
[2026-06-26 00:54:04]   [1] Batch 380/390 | Loss: 5.9188 | LR: 0.000005
[2026-06-26 00:54:23]   [1] Batch 390/390 | Loss: 5.8937 | LR: 0.000005
[2026-06-26 00:54:24] Epoch 1/10 | Loss: 5.8937 | LR: 0.000054 | Time: 767.4s | teacher_momentum: 0.996
[2026-06-26 00:54:24]   Saved checkpoint: checkpoints/dino\best_dino.pth
[2026-06-26 00:55:01]   [2] Batch 10/390 | Loss: 4.8569 | LR: 0.000054
[2026-06-26 00:55:17]   [2] Batch 20/390 | Loss: 4.8147 | LR: 0.000054
[2026-06-26 00:55:39]   [2] Batch 30/390 | Loss: 4.7670 | LR: 0.000054
[2026-06-26 00:55:56]   [2] Batch 40/390 | Loss: 4.7216 | LR: 0.000054
[2026-06-26 00:56:19]   [2] Batch 50/390 | Loss: 4.6778 | LR: 0.000054
[2026-06-26 00:56:35]   [2] Batch 60/390 | Loss: 4.6332 | LR: 0.000054
[2026-06-26 00:56:59]   [2] Batch 70/390 | Loss: 4.5889 | LR: 0.000054
[2026-06-26 00:57:14]   [2] Batch 80/390 | Loss: 4.5425 | LR: 0.000054
[2026-06-26 00:57:36]   [2] Batch 90/390 | Loss: 4.4959 | LR: 0.000054
[2026-06-26 00:57:53]   [2] Batch 100/390 | Loss: 4.4487 | LR: 0.000054
[2026-06-26 00:58:13]   [2] Batch 110/390 | Loss: 4.4018 | LR: 0.000054
[2026-06-26 00:58:31]   [2] Batch 120/390 | Loss: 4.3539 | LR: 0.000054
[2026-06-26 00:58:52]   [2] Batch 130/390 | Loss: 4.3048 | LR: 0.000054
[2026-06-26 00:59:08]   [2] Batch 140/390 | Loss: 4.2567 | LR: 0.000054
[2026-06-26 00:59:30]   [2] Batch 150/390 | Loss: 4.2086 | LR: 0.000054
[2026-06-26 00:59:46]   [2] Batch 160/390 | Loss: 4.1602 | LR: 0.000054
[2026-06-26 01:00:08]   [2] Batch 170/390 | Loss: 4.1117 | LR: 0.000054
[2026-06-26 01:00:25]   [2] Batch 180/390 | Loss: 4.0636 | LR: 0.000054
[2026-06-26 01:00:47]   [2] Batch 190/390 | Loss: 4.0163 | LR: 0.000054
[2026-06-26 01:01:03]   [2] Batch 200/390 | Loss: 3.9706 | LR: 0.000054
[2026-06-26 01:01:24]   [2] Batch 210/390 | Loss: 3.9239 | LR: 0.000054
[2026-06-26 01:01:41]   [2] Batch 220/390 | Loss: 3.8788 | LR: 0.000054
[2026-06-26 01:02:03]   [2] Batch 230/390 | Loss: 3.8351 | LR: 0.000054
[2026-06-26 01:02:20]   [2] Batch 240/390 | Loss: 3.7918 | LR: 0.000054
[2026-06-26 01:02:41]   [2] Batch 250/390 | Loss: 3.7492 | LR: 0.000054
[2026-06-26 01:02:58]   [2] Batch 260/390 | Loss: 3.7069 | LR: 0.000054
[2026-06-26 01:03:20]   [2] Batch 270/390 | Loss: 3.6656 | LR: 0.000054
[2026-06-26 01:03:36]   [2] Batch 280/390 | Loss: 3.6253 | LR: 0.000054
[2026-06-26 01:03:58]   [2] Batch 290/390 | Loss: 3.5839 | LR: 0.000054
[2026-06-26 01:04:15]   [2] Batch 300/390 | Loss: 3.5447 | LR: 0.000054
[2026-06-26 01:04:36]   [2] Batch 310/390 | Loss: 3.5057 | LR: 0.000054
[2026-06-26 01:04:51]   [2] Batch 320/390 | Loss: 3.4678 | LR: 0.000054
[2026-06-26 01:05:13]   [2] Batch 330/390 | Loss: 3.4295 | LR: 0.000054
[2026-06-26 01:05:28]   [2] Batch 340/390 | Loss: 3.3922 | LR: 0.000054
[2026-06-26 01:05:51]   [2] Batch 350/390 | Loss: 3.3550 | LR: 0.000054
[2026-06-26 01:06:08]   [2] Batch 360/390 | Loss: 3.3200 | LR: 0.000054
[2026-06-26 01:06:29]   [2] Batch 370/390 | Loss: 3.2854 | LR: 0.000054
[2026-06-26 01:06:47]   [2] Batch 380/390 | Loss: 3.2507 | LR: 0.000054
[2026-06-26 01:07:06]   [2] Batch 390/390 | Loss: 3.2174 | LR: 0.000054
[2026-06-26 01:07:07] Epoch 2/10 | Loss: 3.2174 | LR: 0.000104 | Time: 763.2s | teacher_momentum: 0.9964
[2026-06-26 01:07:07]   Saved checkpoint: checkpoints/dino\best_dino.pth
[2026-06-26 01:07:43]   [3] Batch 10/390 | Loss: 1.9322 | LR: 0.000104
[2026-06-26 01:07:59]   [3] Batch 20/390 | Loss: 1.9258 | LR: 0.000104
[2026-06-26 01:08:22]   [3] Batch 30/390 | Loss: 1.9153 | LR: 0.000104
[2026-06-26 01:08:38]   [3] Batch 40/390 | Loss: 1.8959 | LR: 0.000104
[2026-06-26 01:09:00]   [3] Batch 50/390 | Loss: 1.8731 | LR: 0.000104
[2026-06-26 01:09:17]   [3] Batch 60/390 | Loss: 1.8595 | LR: 0.000104
[2026-06-26 01:09:39]   [3] Batch 70/390 | Loss: 1.8454 | LR: 0.000104
[2026-06-26 01:09:55]   [3] Batch 80/390 | Loss: 1.8365 | LR: 0.000104
[2026-06-26 01:10:17]   [3] Batch 90/390 | Loss: 1.8211 | LR: 0.000104
[2026-06-26 01:10:33]   [3] Batch 100/390 | Loss: 1.8097 | LR: 0.000104
[2026-06-26 01:10:56]   [3] Batch 110/390 | Loss: 1.7987 | LR: 0.000104
[2026-06-26 01:11:12]   [3] Batch 120/390 | Loss: 1.7901 | LR: 0.000104
[2026-06-26 01:11:35]   [3] Batch 130/390 | Loss: 1.7792 | LR: 0.000104
[2026-06-26 01:11:51]   [3] Batch 140/390 | Loss: 1.7699 | LR: 0.000104
[2026-06-26 01:12:14]   [3] Batch 150/390 | Loss: 1.7593 | LR: 0.000104
[2026-06-26 01:12:29]   [3] Batch 160/390 | Loss: 1.7495 | LR: 0.000104
[2026-06-26 01:12:52]   [3] Batch 170/390 | Loss: 1.7395 | LR: 0.000104
[2026-06-26 01:13:08]   [3] Batch 180/390 | Loss: 1.7288 | LR: 0.000104
[2026-06-26 01:13:30]   [3] Batch 190/390 | Loss: 1.7203 | LR: 0.000104
[2026-06-26 01:13:45]   [3] Batch 200/390 | Loss: 1.7110 | LR: 0.000104
[2026-06-26 01:14:07]   [3] Batch 210/390 | Loss: 1.7031 | LR: 0.000104
[2026-06-26 01:14:23]   [3] Batch 220/390 | Loss: 1.6952 | LR: 0.000104
[2026-06-26 01:14:45]   [3] Batch 230/390 | Loss: 1.6884 | LR: 0.000104
[2026-06-26 01:15:01]   [3] Batch 240/390 | Loss: 1.6844 | LR: 0.000104
[2026-06-26 01:15:24]   [3] Batch 250/390 | Loss: 1.6769 | LR: 0.000104
[2026-06-26 01:15:40]   [3] Batch 260/390 | Loss: 1.6722 | LR: 0.000104
[2026-06-26 01:16:03]   [3] Batch 270/390 | Loss: 1.6664 | LR: 0.000104
[2026-06-26 01:16:18]   [3] Batch 280/390 | Loss: 1.6614 | LR: 0.000104
[2026-06-26 01:16:41]   [3] Batch 290/390 | Loss: 1.6578 | LR: 0.000104
[2026-06-26 01:16:57]   [3] Batch 300/390 | Loss: 1.6532 | LR: 0.000104
[2026-06-26 01:17:18]   [3] Batch 310/390 | Loss: 1.6481 | LR: 0.000104
[2026-06-26 01:17:32]   [3] Batch 320/390 | Loss: 1.6433 | LR: 0.000104
[2026-06-26 01:17:55]   [3] Batch 330/390 | Loss: 1.6389 | LR: 0.000104
[2026-06-26 01:18:11]   [3] Batch 340/390 | Loss: 1.6339 | LR: 0.000104
[2026-06-26 01:18:34]   [3] Batch 350/390 | Loss: 1.6294 | LR: 0.000104
[2026-06-26 01:18:50]   [3] Batch 360/390 | Loss: 1.6252 | LR: 0.000104
[2026-06-26 01:19:13]   [3] Batch 370/390 | Loss: 1.6212 | LR: 0.000104
[2026-06-26 01:19:28]   [3] Batch 380/390 | Loss: 1.6178 | LR: 0.000104
[2026-06-26 01:19:50]   [3] Batch 390/390 | Loss: 1.6136 | LR: 0.000104
[2026-06-26 01:19:51] Epoch 3/10 | Loss: 1.6136 | LR: 0.000153 | Time: 763.9s | teacher_momentum: 0.9968
[2026-06-26 01:19:51]   Saved checkpoint: checkpoints/dino\best_dino.pth
[2026-06-26 01:20:27]   [4] Batch 10/390 | Loss: 1.4620 | LR: 0.000153
[2026-06-26 01:20:43]   [4] Batch 20/390 | Loss: 1.4789 | LR: 0.000153
[2026-06-26 01:21:06]   [4] Batch 30/390 | Loss: 1.4807 | LR: 0.000153
[2026-06-26 01:21:21]   [4] Batch 40/390 | Loss: 1.4842 | LR: 0.000153
[2026-06-26 01:21:44]   [4] Batch 50/390 | Loss: 1.4835 | LR: 0.000153
[2026-06-26 01:22:01]   [4] Batch 60/390 | Loss: 1.4866 | LR: 0.000153
[2026-06-26 01:22:21]   [4] Batch 70/390 | Loss: 1.4786 | LR: 0.000153
[2026-06-26 01:22:39]   [4] Batch 80/390 | Loss: 1.4766 | LR: 0.000153
[2026-06-26 01:22:59]   [4] Batch 90/390 | Loss: 1.4754 | LR: 0.000153
[2026-06-26 01:23:17]   [4] Batch 100/390 | Loss: 1.4791 | LR: 0.000153
[2026-06-26 01:23:36]   [4] Batch 110/390 | Loss: 1.4776 | LR: 0.000153
[2026-06-26 01:23:56]   [4] Batch 120/390 | Loss: 1.4747 | LR: 0.000153
[2026-06-26 01:24:15]   [4] Batch 130/390 | Loss: 1.4736 | LR: 0.000153
[2026-06-26 01:24:34]   [4] Batch 140/390 | Loss: 1.4689 | LR: 0.000153
[2026-06-26 01:24:54]   [4] Batch 150/390 | Loss: 1.4692 | LR: 0.000153
[2026-06-26 01:25:11]   [4] Batch 160/390 | Loss: 1.4617 | LR: 0.000153
[2026-06-26 01:25:34]   [4] Batch 170/390 | Loss: 1.4591 | LR: 0.000153
[2026-06-26 01:25:49]   [4] Batch 180/390 | Loss: 1.4573 | LR: 0.000153
[2026-06-26 01:26:11]   [4] Batch 190/390 | Loss: 1.4558 | LR: 0.000153
[2026-06-26 01:26:28]   [4] Batch 200/390 | Loss: 1.4550 | LR: 0.000153
[2026-06-26 01:26:49]   [4] Batch 210/390 | Loss: 1.4549 | LR: 0.000153
[2026-06-26 01:27:06]   [4] Batch 220/390 | Loss: 1.4512 | LR: 0.000153
[2026-06-26 01:27:28]   [4] Batch 230/390 | Loss: 1.4461 | LR: 0.000153
[2026-06-26 01:27:44]   [4] Batch 240/390 | Loss: 1.4442 | LR: 0.000153
[2026-06-26 01:28:06]   [4] Batch 250/390 | Loss: 1.4411 | LR: 0.000153
[2026-06-26 01:28:21]   [4] Batch 260/390 | Loss: 1.4373 | LR: 0.000153
[2026-06-26 01:28:45]   [4] Batch 270/390 | Loss: 1.4348 | LR: 0.000153
[2026-06-26 01:29:01]   [4] Batch 280/390 | Loss: 1.4318 | LR: 0.000153
[2026-06-26 01:29:23]   [4] Batch 290/390 | Loss: 1.4299 | LR: 0.000153
[2026-06-26 01:29:39]   [4] Batch 300/390 | Loss: 1.4264 | LR: 0.000153
[2026-06-26 01:30:01]   [4] Batch 310/390 | Loss: 1.4226 | LR: 0.000153
[2026-06-26 01:30:17]   [4] Batch 320/390 | Loss: 1.4206 | LR: 0.000153
[2026-06-26 01:30:40]   [4] Batch 330/390 | Loss: 1.4193 | LR: 0.000153
[2026-06-26 01:30:55]   [4] Batch 340/390 | Loss: 1.4159 | LR: 0.000153
[2026-06-26 01:31:17]   [4] Batch 350/390 | Loss: 1.4124 | LR: 0.000153
[2026-06-26 01:31:33]   [4] Batch 360/390 | Loss: 1.4095 | LR: 0.000153
[2026-06-26 01:31:55]   [4] Batch 370/390 | Loss: 1.4074 | LR: 0.000153
[2026-06-26 01:32:10]   [4] Batch 380/390 | Loss: 1.4047 | LR: 0.000153
[2026-06-26 01:32:33]   [4] Batch 390/390 | Loss: 1.4018 | LR: 0.000153
[2026-06-26 01:32:33] Epoch 4/10 | Loss: 1.4018 | LR: 0.000203 | Time: 762.4s | teacher_momentum: 0.9972
[2026-06-26 01:32:34]   Saved checkpoint: checkpoints/dino\best_dino.pth
[2026-06-26 01:33:10]   [5] Batch 10/390 | Loss: 1.2847 | LR: 0.000203
[2026-06-26 01:33:25]   [5] Batch 20/390 | Loss: 1.2727 | LR: 0.000203
[2026-06-26 01:33:48]   [5] Batch 30/390 | Loss: 1.2753 | LR: 0.000203
[2026-06-26 01:34:03]   [5] Batch 40/390 | Loss: 1.3079 | LR: 0.000203
[2026-06-26 01:34:25]   [5] Batch 50/390 | Loss: 1.3156 | LR: 0.000203
[2026-06-26 01:34:42]   [5] Batch 60/390 | Loss: 1.3123 | LR: 0.000203
[2026-06-26 01:35:02]   [5] Batch 70/390 | Loss: 1.3099 | LR: 0.000203
[2026-06-26 01:35:21]   [5] Batch 80/390 | Loss: 1.3145 | LR: 0.000203
[2026-06-26 01:35:40]   [5] Batch 90/390 | Loss: 1.3086 | LR: 0.000203
[2026-06-26 01:36:00]   [5] Batch 100/390 | Loss: 1.3055 | LR: 0.000203
[2026-06-26 01:36:18]   [5] Batch 110/390 | Loss: 1.3000 | LR: 0.000203
[2026-06-26 01:36:38]   [5] Batch 120/390 | Loss: 1.2990 | LR: 0.000203
[2026-06-26 01:36:56]   [5] Batch 130/390 | Loss: 1.3025 | LR: 0.000203
[2026-06-26 01:37:16]   [5] Batch 140/390 | Loss: 1.3028 | LR: 0.000203
[2026-06-26 01:37:33]   [5] Batch 150/390 | Loss: 1.3009 | LR: 0.000203
[2026-06-26 01:37:56]   [5] Batch 160/390 | Loss: 1.2973 | LR: 0.000203
[2026-06-26 01:38:12]   [5] Batch 170/390 | Loss: 1.2955 | LR: 0.000203
[2026-06-26 01:38:35]   [5] Batch 180/390 | Loss: 1.2969 | LR: 0.000203
[2026-06-26 01:38:51]   [5] Batch 190/390 | Loss: 1.2952 | LR: 0.000203
[2026-06-26 01:39:13]   [5] Batch 200/390 | Loss: 1.2956 | LR: 0.000203
[2026-06-26 01:39:30]   [5] Batch 210/390 | Loss: 1.2940 | LR: 0.000203
[2026-06-26 01:39:51]   [5] Batch 220/390 | Loss: 1.2927 | LR: 0.000203
[2026-06-26 01:40:08]   [5] Batch 230/390 | Loss: 1.2887 | LR: 0.000203
[2026-06-26 01:40:30]   [5] Batch 240/390 | Loss: 1.2878 | LR: 0.000203
[2026-06-26 01:40:47]   [5] Batch 250/390 | Loss: 1.2862 | LR: 0.000203
[2026-06-26 01:41:08]   [5] Batch 260/390 | Loss: 1.2855 | LR: 0.000203
[2026-06-26 01:41:26]   [5] Batch 270/390 | Loss: 1.2864 | LR: 0.000203
[2026-06-26 01:41:47]   [5] Batch 280/390 | Loss: 1.2832 | LR: 0.000203
[2026-06-26 01:42:05]   [5] Batch 290/390 | Loss: 1.2830 | LR: 0.000203
[2026-06-26 01:42:24]   [5] Batch 300/390 | Loss: 1.2812 | LR: 0.000203
[2026-06-26 01:42:43]   [5] Batch 310/390 | Loss: 1.2790 | LR: 0.000203
[2026-06-26 01:43:01]   [5] Batch 320/390 | Loss: 1.2754 | LR: 0.000203
[2026-06-26 01:43:21]   [5] Batch 330/390 | Loss: 1.2744 | LR: 0.000203
[2026-06-26 01:43:41]   [5] Batch 340/390 | Loss: 1.2731 | LR: 0.000203
[2026-06-26 01:43:59]   [5] Batch 350/390 | Loss: 1.2728 | LR: 0.000203
[2026-06-26 01:44:18]   [5] Batch 360/390 | Loss: 1.2716 | LR: 0.000203
[2026-06-26 01:44:39]   [5] Batch 370/390 | Loss: 1.2713 | LR: 0.000203
[2026-06-26 01:44:57]   [5] Batch 380/390 | Loss: 1.2717 | LR: 0.000203
[2026-06-26 01:45:17]   [5] Batch 390/390 | Loss: 1.2694 | LR: 0.000203
[2026-06-26 01:45:18] Epoch 5/10 | Loss: 1.2694 | LR: 0.000253 | Time: 764.2s | teacher_momentum: 0.9976
[2026-06-26 01:45:18]   Saved checkpoint: checkpoints/dino\best_dino.pth
[2026-06-26 01:45:53]   [6] Batch 10/390 | Loss: 1.2239 | LR: 0.000253
[2026-06-26 01:46:09]   [6] Batch 20/390 | Loss: 1.2551 | LR: 0.000253
[2026-06-26 01:46:31]   [6] Batch 30/390 | Loss: 1.2599 | LR: 0.000253
[2026-06-26 01:46:47]   [6] Batch 40/390 | Loss: 1.2522 | LR: 0.000253
[2026-06-26 01:47:09]   [6] Batch 50/390 | Loss: 1.2483 | LR: 0.000253
[2026-06-26 01:47:26]   [6] Batch 60/390 | Loss: 1.2408 | LR: 0.000253
[2026-06-26 01:47:47]   [6] Batch 70/390 | Loss: 1.2347 | LR: 0.000253
[2026-06-26 01:48:04]   [6] Batch 80/390 | Loss: 1.2371 | LR: 0.000253
[2026-06-26 01:48:26]   [6] Batch 90/390 | Loss: 1.2301 | LR: 0.000253
[2026-06-26 01:48:43]   [6] Batch 100/390 | Loss: 1.2270 | LR: 0.000253
[2026-06-26 01:49:03]   [6] Batch 110/390 | Loss: 1.2287 | LR: 0.000253
[2026-06-26 01:49:19]   [6] Batch 120/390 | Loss: 1.2306 | LR: 0.000253
[2026-06-26 01:49:41]   [6] Batch 130/390 | Loss: 1.2261 | LR: 0.000253
[2026-06-26 01:49:57]   [6] Batch 140/390 | Loss: 1.2246 | LR: 0.000253
[2026-06-26 01:50:18]   [6] Batch 150/390 | Loss: 1.2285 | LR: 0.000253
[2026-06-26 01:50:35]   [6] Batch 160/390 | Loss: 1.2252 | LR: 0.000253
[2026-06-26 01:50:57]   [6] Batch 170/390 | Loss: 1.2258 | LR: 0.000253
[2026-06-26 01:51:13]   [6] Batch 180/390 | Loss: 1.2252 | LR: 0.000253
[2026-06-26 01:51:34]   [6] Batch 190/390 | Loss: 1.2291 | LR: 0.000253
[2026-06-26 01:51:51]   [6] Batch 200/390 | Loss: 1.2289 | LR: 0.000253
[2026-06-26 01:52:13]   [6] Batch 210/390 | Loss: 1.2263 | LR: 0.000253
[2026-06-26 01:52:30]   [6] Batch 220/390 | Loss: 1.2263 | LR: 0.000253
[2026-06-26 01:52:51]   [6] Batch 230/390 | Loss: 1.2217 | LR: 0.000253
[2026-06-26 01:53:08]   [6] Batch 240/390 | Loss: 1.2218 | LR: 0.000253
[2026-06-26 01:53:29]   [6] Batch 250/390 | Loss: 1.2220 | LR: 0.000253
[2026-06-26 01:53:46]   [6] Batch 260/390 | Loss: 1.2180 | LR: 0.000253
[2026-06-26 01:54:08]   [6] Batch 270/390 | Loss: 1.2180 | LR: 0.000253
[2026-06-26 01:54:24]   [6] Batch 280/390 | Loss: 1.2169 | LR: 0.000253
[2026-06-26 01:54:46]   [6] Batch 290/390 | Loss: 1.2203 | LR: 0.000253
[2026-06-26 01:55:02]   [6] Batch 300/390 | Loss: 1.2197 | LR: 0.000253
[2026-06-26 01:55:25]   [6] Batch 310/390 | Loss: 1.2178 | LR: 0.000253
[2026-06-26 01:55:40]   [6] Batch 320/390 | Loss: 1.2161 | LR: 0.000253
[2026-06-26 01:56:02]   [6] Batch 330/390 | Loss: 1.2156 | LR: 0.000253
[2026-06-26 01:56:18]   [6] Batch 340/390 | Loss: 1.2150 | LR: 0.000253
[2026-06-26 01:56:41]   [6] Batch 350/390 | Loss: 1.2143 | LR: 0.000253
[2026-06-26 01:56:59]   [6] Batch 360/390 | Loss: 1.2135 | LR: 0.000253
[2026-06-26 01:57:20]   [6] Batch 370/390 | Loss: 1.2132 | LR: 0.000253
[2026-06-26 01:57:37]   [6] Batch 380/390 | Loss: 1.2131 | LR: 0.000253
[2026-06-26 01:57:58]   [6] Batch 390/390 | Loss: 1.2113 | LR: 0.000253
[2026-06-26 01:57:59] Epoch 6/10 | Loss: 1.2113 | LR: 0.000302 | Time: 761.0s | teacher_momentum: 0.998
[2026-06-26 01:57:59]   Saved checkpoint: checkpoints/dino\best_dino.pth
[2026-06-26 01:58:35]   [7] Batch 10/390 | Loss: 1.1602 | LR: 0.000302
[2026-06-26 01:58:51]   [7] Batch 20/390 | Loss: 1.1566 | LR: 0.000302
[2026-06-26 01:59:13]   [7] Batch 30/390 | Loss: 1.1635 | LR: 0.000302
[2026-06-26 01:59:29]   [7] Batch 40/390 | Loss: 1.1778 | LR: 0.000302
[2026-06-26 01:59:52]   [7] Batch 50/390 | Loss: 1.1727 | LR: 0.000302
[2026-06-26 02:00:08]   [7] Batch 60/390 | Loss: 1.1698 | LR: 0.000302
[2026-06-26 02:00:32]   [7] Batch 70/390 | Loss: 1.1756 | LR: 0.000302
[2026-06-26 02:00:47]   [7] Batch 80/390 | Loss: 1.1712 | LR: 0.000302
[2026-06-26 02:01:10]   [7] Batch 90/390 | Loss: 1.1686 | LR: 0.000302
[2026-06-26 02:01:26]   [7] Batch 100/390 | Loss: 1.1682 | LR: 0.000302
[2026-06-26 02:01:48]   [7] Batch 110/390 | Loss: 1.1685 | LR: 0.000302
[2026-06-26 02:02:04]   [7] Batch 120/390 | Loss: 1.1720 | LR: 0.000302
[2026-06-26 02:02:26]   [7] Batch 130/390 | Loss: 1.1757 | LR: 0.000302
[2026-06-26 02:02:42]   [7] Batch 140/390 | Loss: 1.1730 | LR: 0.000302
[2026-06-26 02:03:05]   [7] Batch 150/390 | Loss: 1.1765 | LR: 0.000302
[2026-06-26 02:03:21]   [7] Batch 160/390 | Loss: 1.1788 | LR: 0.000302
[2026-06-26 02:03:43]   [7] Batch 170/390 | Loss: 1.1765 | LR: 0.000302
[2026-06-26 02:03:58]   [7] Batch 180/390 | Loss: 1.1758 | LR: 0.000302
[2026-06-26 02:04:20]   [7] Batch 190/390 | Loss: 1.1733 | LR: 0.000302
[2026-06-26 02:04:35]   [7] Batch 200/390 | Loss: 1.1719 | LR: 0.000302
[2026-06-26 02:04:57]   [7] Batch 210/390 | Loss: 1.1729 | LR: 0.000302
[2026-06-26 02:05:12]   [7] Batch 220/390 | Loss: 1.1747 | LR: 0.000302
[2026-06-26 02:05:35]   [7] Batch 230/390 | Loss: 1.1731 | LR: 0.000302
[2026-06-26 02:05:51]   [7] Batch 240/390 | Loss: 1.1726 | LR: 0.000302
[2026-06-26 02:06:15]   [7] Batch 250/390 | Loss: 1.1715 | LR: 0.000302
[2026-06-26 02:06:30]   [7] Batch 260/390 | Loss: 1.1718 | LR: 0.000302
[2026-06-26 02:06:52]   [7] Batch 270/390 | Loss: 1.1706 | LR: 0.000302
[2026-06-26 02:07:08]   [7] Batch 280/390 | Loss: 1.1698 | LR: 0.000302
[2026-06-26 02:07:30]   [7] Batch 290/390 | Loss: 1.1684 | LR: 0.000302
[2026-06-26 02:07:46]   [7] Batch 300/390 | Loss: 1.1675 | LR: 0.000302
[2026-06-26 02:08:08]   [7] Batch 310/390 | Loss: 1.1650 | LR: 0.000302
[2026-06-26 02:08:25]   [7] Batch 320/390 | Loss: 1.1637 | LR: 0.000302
[2026-06-26 02:08:46]   [7] Batch 330/390 | Loss: 1.1619 | LR: 0.000302
[2026-06-26 02:09:04]   [7] Batch 340/390 | Loss: 1.1611 | LR: 0.000302
[2026-06-26 02:09:25]   [7] Batch 350/390 | Loss: 1.1614 | LR: 0.000302
[2026-06-26 02:09:41]   [7] Batch 360/390 | Loss: 1.1594 | LR: 0.000302
[2026-06-26 02:10:03]   [7] Batch 370/390 | Loss: 1.1577 | LR: 0.000302
[2026-06-26 02:10:19]   [7] Batch 380/390 | Loss: 1.1577 | LR: 0.000302
[2026-06-26 02:10:42]   [7] Batch 390/390 | Loss: 1.1583 | LR: 0.000302
[2026-06-26 02:10:42] Epoch 7/10 | Loss: 1.1583 | LR: 0.000352 | Time: 763.3s | teacher_momentum: 0.9984
[2026-06-26 02:10:42]   Saved checkpoint: checkpoints/dino\best_dino.pth
[2026-06-26 02:11:18]   [8] Batch 10/390 | Loss: 1.1584 | LR: 0.000352
[2026-06-26 02:11:34]   [8] Batch 20/390 | Loss: 1.1292 | LR: 0.000352
[2026-06-26 02:11:57]   [8] Batch 30/390 | Loss: 1.1230 | LR: 0.000352
[2026-06-26 02:12:13]   [8] Batch 40/390 | Loss: 1.1187 | LR: 0.000352
[2026-06-26 02:12:35]   [8] Batch 50/390 | Loss: 1.1143 | LR: 0.000352
[2026-06-26 02:12:51]   [8] Batch 60/390 | Loss: 1.1166 | LR: 0.000352
[2026-06-26 02:13:14]   [8] Batch 70/390 | Loss: 1.1174 | LR: 0.000352
[2026-06-26 02:13:30]   [8] Batch 80/390 | Loss: 1.1205 | LR: 0.000352
[2026-06-26 02:13:53]   [8] Batch 90/390 | Loss: 1.1221 | LR: 0.000352
[2026-06-26 02:14:09]   [8] Batch 100/390 | Loss: 1.1205 | LR: 0.000352
[2026-06-26 02:14:31]   [8] Batch 110/390 | Loss: 1.1214 | LR: 0.000352
[2026-06-26 02:14:47]   [8] Batch 120/390 | Loss: 1.1174 | LR: 0.000352
[2026-06-26 02:15:09]   [8] Batch 130/390 | Loss: 1.1212 | LR: 0.000352
[2026-06-26 02:15:25]   [8] Batch 140/390 | Loss: 1.1155 | LR: 0.000352
[2026-06-26 02:15:46]   [8] Batch 150/390 | Loss: 1.1165 | LR: 0.000352
[2026-06-26 02:16:02]   [8] Batch 160/390 | Loss: 1.1178 | LR: 0.000352
[2026-06-26 02:16:24]   [8] Batch 170/390 | Loss: 1.1183 | LR: 0.000352
[2026-06-26 02:16:39]   [8] Batch 180/390 | Loss: 1.1173 | LR: 0.000352
[2026-06-26 02:17:02]   [8] Batch 190/390 | Loss: 1.1189 | LR: 0.000352
[2026-06-26 02:17:17]   [8] Batch 200/390 | Loss: 1.1192 | LR: 0.000352
[2026-06-26 02:17:41]   [8] Batch 210/390 | Loss: 1.1178 | LR: 0.000352
[2026-06-26 02:17:57]   [8] Batch 220/390 | Loss: 1.1200 | LR: 0.000352
[2026-06-26 02:18:19]   [8] Batch 230/390 | Loss: 1.1210 | LR: 0.000352
[2026-06-26 02:18:35]   [8] Batch 240/390 | Loss: 1.1191 | LR: 0.000352
[2026-06-26 02:18:58]   [8] Batch 250/390 | Loss: 1.1189 | LR: 0.000352
[2026-06-26 02:19:15]   [8] Batch 260/390 | Loss: 1.1202 | LR: 0.000352
[2026-06-26 02:19:37]   [8] Batch 270/390 | Loss: 1.1216 | LR: 0.000352
[2026-06-26 02:19:53]   [8] Batch 280/390 | Loss: 1.1218 | LR: 0.000352
[2026-06-26 02:20:15]   [8] Batch 290/390 | Loss: 1.1219 | LR: 0.000352
[2026-06-26 02:20:31]   [8] Batch 300/390 | Loss: 1.1219 | LR: 0.000352
[2026-06-26 02:20:55]   [8] Batch 310/390 | Loss: 1.1235 | LR: 0.000352
[2026-06-26 02:21:11]   [8] Batch 320/390 | Loss: 1.1224 | LR: 0.000352
[2026-06-26 02:21:32]   [8] Batch 330/390 | Loss: 1.1217 | LR: 0.000352
[2026-06-26 02:21:49]   [8] Batch 340/390 | Loss: 1.1202 | LR: 0.000352
[2026-06-26 02:22:11]   [8] Batch 350/390 | Loss: 1.1188 | LR: 0.000352
[2026-06-26 02:22:26]   [8] Batch 360/390 | Loss: 1.1160 | LR: 0.000352
[2026-06-26 02:22:49]   [8] Batch 370/390 | Loss: 1.1150 | LR: 0.000352
[2026-06-26 02:23:04]   [8] Batch 380/390 | Loss: 1.1142 | LR: 0.000352
[2026-06-26 02:23:27]   [8] Batch 390/390 | Loss: 1.1127 | LR: 0.000352
[2026-06-26 02:23:28] Epoch 8/10 | Loss: 1.1127 | LR: 0.000401 | Time: 765.4s | teacher_momentum: 0.9988
[2026-06-26 02:23:28]   Saved checkpoint: checkpoints/dino\best_dino.pth
[2026-06-26 02:24:05]   [9] Batch 10/390 | Loss: 1.0711 | LR: 0.000401
[2026-06-26 02:24:21]   [9] Batch 20/390 | Loss: 1.0583 | LR: 0.000401
[2026-06-26 02:24:43]   [9] Batch 30/390 | Loss: 1.0420 | LR: 0.000401
[2026-06-26 02:24:58]   [9] Batch 40/390 | Loss: 1.0403 | LR: 0.000401
[2026-06-26 02:25:20]   [9] Batch 50/390 | Loss: 1.0583 | LR: 0.000401
[2026-06-26 02:25:36]   [9] Batch 60/390 | Loss: 1.0545 | LR: 0.000401
[2026-06-26 02:25:58]   [9] Batch 70/390 | Loss: 1.0626 | LR: 0.000401
[2026-06-26 02:26:14]   [9] Batch 80/390 | Loss: 1.0651 | LR: 0.000401
[2026-06-26 02:26:37]   [9] Batch 90/390 | Loss: 1.0647 | LR: 0.000401
[2026-06-26 02:26:54]   [9] Batch 100/390 | Loss: 1.0672 | LR: 0.000401
[2026-06-26 02:27:17]   [9] Batch 110/390 | Loss: 1.0732 | LR: 0.000401
[2026-06-26 02:27:32]   [9] Batch 120/390 | Loss: 1.0699 | LR: 0.000401
[2026-06-26 02:27:54]   [9] Batch 130/390 | Loss: 1.0734 | LR: 0.000401
[2026-06-26 02:28:09]   [9] Batch 140/390 | Loss: 1.0737 | LR: 0.000401
[2026-06-26 02:28:32]   [9] Batch 150/390 | Loss: 1.0698 | LR: 0.000401
[2026-06-26 02:28:48]   [9] Batch 160/390 | Loss: 1.0698 | LR: 0.000401
[2026-06-26 02:29:11]   [9] Batch 170/390 | Loss: 1.0687 | LR: 0.000401
[2026-06-26 02:29:26]   [9] Batch 180/390 | Loss: 1.0730 | LR: 0.000401
[2026-06-26 02:29:48]   [9] Batch 190/390 | Loss: 1.0727 | LR: 0.000401
[2026-06-26 02:30:04]   [9] Batch 200/390 | Loss: 1.0736 | LR: 0.000401
[2026-06-26 02:30:25]   [9] Batch 210/390 | Loss: 1.0716 | LR: 0.000401
[2026-06-26 02:30:43]   [9] Batch 220/390 | Loss: 1.0733 | LR: 0.000401
[2026-06-26 02:31:05]   [9] Batch 230/390 | Loss: 1.0750 | LR: 0.000401
[2026-06-26 02:31:20]   [9] Batch 240/390 | Loss: 1.0744 | LR: 0.000401
[2026-06-26 02:31:42]   [9] Batch 250/390 | Loss: 1.0741 | LR: 0.000401
[2026-06-26 02:31:59]   [9] Batch 260/390 | Loss: 1.0738 | LR: 0.000401
[2026-06-26 02:32:20]   [9] Batch 270/390 | Loss: 1.0752 | LR: 0.000401
[2026-06-26 02:32:37]   [9] Batch 280/390 | Loss: 1.0738 | LR: 0.000401
[2026-06-26 02:33:00]   [9] Batch 290/390 | Loss: 1.0741 | LR: 0.000401
[2026-06-26 02:33:15]   [9] Batch 300/390 | Loss: 1.0748 | LR: 0.000401
[2026-06-26 02:33:36]   [9] Batch 310/390 | Loss: 1.0763 | LR: 0.000401
[2026-06-26 02:33:52]   [9] Batch 320/390 | Loss: 1.0752 | LR: 0.000401
[2026-06-26 02:34:14]   [9] Batch 330/390 | Loss: 1.0752 | LR: 0.000401
[2026-06-26 02:34:30]   [9] Batch 340/390 | Loss: 1.0741 | LR: 0.000401
[2026-06-26 02:34:54]   [9] Batch 350/390 | Loss: 1.0746 | LR: 0.000401
[2026-06-26 02:35:10]   [9] Batch 360/390 | Loss: 1.0732 | LR: 0.000401
[2026-06-26 02:35:32]   [9] Batch 370/390 | Loss: 1.0716 | LR: 0.000401
[2026-06-26 02:35:48]   [9] Batch 380/390 | Loss: 1.0698 | LR: 0.000401
[2026-06-26 02:36:09]   [9] Batch 390/390 | Loss: 1.0699 | LR: 0.000401
[2026-06-26 02:36:09] Epoch 9/10 | Loss: 1.0699 | LR: 0.000451 | Time: 761.2s | teacher_momentum: 0.9992
[2026-06-26 02:36:09]   Saved checkpoint: checkpoints/dino\best_dino.pth
[2026-06-26 02:36:45]   [10] Batch 10/390 | Loss: 0.9590 | LR: 0.000451
[2026-06-26 02:37:02]   [10] Batch 20/390 | Loss: 0.9999 | LR: 0.000451
[2026-06-26 02:37:25]   [10] Batch 30/390 | Loss: 1.0156 | LR: 0.000451
[2026-06-26 02:37:40]   [10] Batch 40/390 | Loss: 1.0200 | LR: 0.000451
[2026-06-26 02:38:02]   [10] Batch 50/390 | Loss: 1.0276 | LR: 0.000451
[2026-06-26 02:38:18]   [10] Batch 60/390 | Loss: 1.0293 | LR: 0.000451
[2026-06-26 02:38:41]   [10] Batch 70/390 | Loss: 1.0251 | LR: 0.000451
[2026-06-26 02:38:57]   [10] Batch 80/390 | Loss: 1.0197 | LR: 0.000451
[2026-06-26 02:39:20]   [10] Batch 90/390 | Loss: 1.0213 | LR: 0.000451
[2026-06-26 02:39:36]   [10] Batch 100/390 | Loss: 1.0281 | LR: 0.000451
[2026-06-26 02:39:57]   [10] Batch 110/390 | Loss: 1.0294 | LR: 0.000451
[2026-06-26 02:40:13]   [10] Batch 120/390 | Loss: 1.0332 | LR: 0.000451
[2026-06-26 02:40:35]   [10] Batch 130/390 | Loss: 1.0305 | LR: 0.000451
[2026-06-26 02:40:51]   [10] Batch 140/390 | Loss: 1.0318 | LR: 0.000451
[2026-06-26 02:41:14]   [10] Batch 150/390 | Loss: 1.0311 | LR: 0.000451
[2026-06-26 02:41:29]   [10] Batch 160/390 | Loss: 1.0323 | LR: 0.000451
[2026-06-26 02:41:51]   [10] Batch 170/390 | Loss: 1.0313 | LR: 0.000451
[2026-06-26 02:42:07]   [10] Batch 180/390 | Loss: 1.0329 | LR: 0.000451
[2026-06-26 02:42:29]   [10] Batch 190/390 | Loss: 1.0318 | LR: 0.000451
[2026-06-26 02:42:45]   [10] Batch 200/390 | Loss: 1.0328 | LR: 0.000451
[2026-06-26 02:43:09]   [10] Batch 210/390 | Loss: 1.0340 | LR: 0.000451
[2026-06-26 02:43:24]   [10] Batch 220/390 | Loss: 1.0326 | LR: 0.000451
[2026-06-26 02:43:46]   [10] Batch 230/390 | Loss: 1.0306 | LR: 0.000451
[2026-06-26 02:44:02]   [10] Batch 240/390 | Loss: 1.0308 | LR: 0.000451
[2026-06-26 02:44:23]   [10] Batch 250/390 | Loss: 1.0323 | LR: 0.000451
[2026-06-26 02:44:39]   [10] Batch 260/390 | Loss: 1.0318 | LR: 0.000451
[2026-06-26 02:45:02]   [10] Batch 270/390 | Loss: 1.0316 | LR: 0.000451
[2026-06-26 02:45:18]   [10] Batch 280/390 | Loss: 1.0330 | LR: 0.000451
[2026-06-26 02:45:41]   [10] Batch 290/390 | Loss: 1.0332 | LR: 0.000451
[2026-06-26 02:45:56]   [10] Batch 300/390 | Loss: 1.0333 | LR: 0.000451
[2026-06-26 02:46:19]   [10] Batch 310/390 | Loss: 1.0332 | LR: 0.000451
[2026-06-26 02:46:35]   [10] Batch 320/390 | Loss: 1.0334 | LR: 0.000451
[2026-06-26 02:46:58]   [10] Batch 330/390 | Loss: 1.0341 | LR: 0.000451
[2026-06-26 02:47:12]   [10] Batch 340/390 | Loss: 1.0343 | LR: 0.000451
[2026-06-26 02:47:34]   [10] Batch 350/390 | Loss: 1.0324 | LR: 0.000451
[2026-06-26 02:47:50]   [10] Batch 360/390 | Loss: 1.0315 | LR: 0.000451
[2026-06-26 02:48:11]   [10] Batch 370/390 | Loss: 1.0309 | LR: 0.000451
[2026-06-26 02:48:28]   [10] Batch 380/390 | Loss: 1.0305 | LR: 0.000451
[2026-06-26 02:48:50]   [10] Batch 390/390 | Loss: 1.0291 | LR: 0.000451
